<?xml version="1.0" encoding="UTF-8"?>
<!-- Generated by org.testng.reporters.JUnitReportReporter -->
<testsuite hostname="HOME" failures="0" tests="2" name="tests.HomePageTest" time="0.472" errors="0" timestamp="2024-10-19T10:40:10 GST" skipped="0">
  <testcase classname="tests.HomePageTest" name="enterProductinSearchbox" time="0.285"/>
  <testcase classname="tests.HomePageTest" name="enterProductinSearchbox" time="0.187"/>
</testsuite> <!-- tests.HomePageTest -->
