<?xml version="1.0" encoding="UTF-8"?>
<!-- Generated by org.testng.reporters.JUnitReportReporter -->
<testsuite hostname="HOME" failures="0" tests="1" name="tests.Test_CheckoutPdt_NewUser" time="20.968" errors="0" timestamp="2024-10-20T13:52:50 GST" skipped="0">
  <testcase classname="tests.Test_CheckoutPdt_NewUser" name="validateProductCheckoutForNewUser" time="20.968"/>
</testsuite> <!-- tests.Test_CheckoutPdt_NewUser -->
