<?xml version="1.0" encoding="UTF-8"?>
<!-- Generated by org.testng.reporters.JUnitReportReporter -->
<testsuite hostname="HOME" failures="0" tests="4" name="tests.LoginTest" time="0.025" errors="0" timestamp="2024-10-18T14:53:14 GST" skipped="0">
  <testcase classname="tests.LoginTest" name="testLogin" time="0.002"/>
  <testcase classname="tests.LoginTest" name="testLogin" time="0.021"/>
  <testcase classname="tests.LoginTest" name="testLogin" time="0.001"/>
  <testcase classname="tests.LoginTest" name="testLogin" time="0.001"/>
</testsuite> <!-- tests.LoginTest -->
